2025-02-13 17:28:21,680 [INFO] ['Below_Zero', 'Bride', 'First_Lie_Wins', 'Funny_Story', 'If_Only_I_Had_Told_Her', 'Just_for_the_Summer', 'Lies_and_Weddings', 'Paper_Towns', 'The_Ministry_of_Time', 'The_Paradise_Problem', 'You_Like_It_Darker_Stories']
2025-02-13 17:28:21,680 [INFO] running Below_Zero
2025-02-13 17:28:21,681 [ERROR] An error occurred: [Errno 2] No such file or directory: './Prompts/2024/Below_Zero/Below_Zero_masked_passages.csv'
2025-02-13 17:28:21,682 [ERROR] An error occurred: [Errno 2] No such file or directory: './Prompts/2024/Below_Zero/Below_Zero_masked_passages.csv'
2025-02-13 17:28:21,682 [INFO] running Bride
2025-02-13 17:28:21,683 [ERROR] An error occurred: [Errno 2] No such file or directory: './Prompts/2024/Bride/Bride_masked_passages.csv'
2025-02-13 17:28:21,683 [ERROR] An error occurred: [Errno 2] No such file or directory: './Prompts/2024/Bride/Bride_masked_passages.csv'
2025-02-13 17:28:21,683 [INFO] running First_Lie_Wins
2025-02-13 17:28:21,686 [ERROR] An error occurred: [Errno 2] No such file or directory: './Prompts/2024/First_Lie_Wins/First_Lie_Wins_masked_passages.csv'
2025-02-13 17:28:21,687 [ERROR] An error occurred: [Errno 2] No such file or directory: './Prompts/2024/First_Lie_Wins/First_Lie_Wins_masked_passages.csv'
2025-02-13 17:28:21,687 [INFO] running Funny_Story
2025-02-13 17:28:21,688 [ERROR] An error occurred: [Errno 2] No such file or directory: './Prompts/2024/Funny_Story/Funny_Story_masked_passages.csv'
2025-02-13 17:28:21,688 [ERROR] An error occurred: [Errno 2] No such file or directory: './Prompts/2024/Funny_Story/Funny_Story_masked_passages.csv'
2025-02-13 17:28:21,688 [INFO] running If_Only_I_Had_Told_Her
2025-02-13 17:28:21,689 [ERROR] An error occurred: [Errno 2] No such file or directory: './Prompts/2024/If_Only_I_Had_Told_Her/If_Only_I_Had_Told_Her_masked_passages.csv'
2025-02-13 17:28:21,689 [ERROR] An error occurred: [Errno 2] No such file or directory: './Prompts/2024/If_Only_I_Had_Told_Her/If_Only_I_Had_Told_Her_masked_passages.csv'
2025-02-13 17:28:21,690 [INFO] running Just_for_the_Summer
2025-02-13 17:28:21,691 [ERROR] An error occurred: [Errno 2] No such file or directory: './Prompts/2024/Just_for_the_Summer/Just_for_the_Summer_masked_passages.csv'
2025-02-13 17:28:21,691 [ERROR] An error occurred: [Errno 2] No such file or directory: './Prompts/2024/Just_for_the_Summer/Just_for_the_Summer_masked_passages.csv'
2025-02-13 17:28:21,692 [INFO] running Lies_and_Weddings
2025-02-13 17:28:21,692 [ERROR] An error occurred: [Errno 2] No such file or directory: './Prompts/2024/Lies_and_Weddings/Lies_and_Weddings_masked_passages.csv'
2025-02-13 17:28:21,693 [ERROR] An error occurred: [Errno 2] No such file or directory: './Prompts/2024/Lies_and_Weddings/Lies_and_Weddings_masked_passages.csv'
2025-02-13 17:28:21,693 [INFO] running Paper_Towns
2025-02-13 17:28:21,694 [ERROR] An error occurred: [Errno 2] No such file or directory: './Prompts/2024/Paper_Towns/Paper_Towns_masked_passages.csv'
2025-02-13 17:28:21,694 [ERROR] An error occurred: [Errno 2] No such file or directory: './Prompts/2024/Paper_Towns/Paper_Towns_masked_passages.csv'
2025-02-13 17:28:21,694 [INFO] running The_Ministry_of_Time
2025-02-13 17:28:21,696 [ERROR] An error occurred: [Errno 2] No such file or directory: './Prompts/2024/The_Ministry_of_Time/The_Ministry_of_Time_masked_passages.csv'
2025-02-13 17:28:21,697 [ERROR] An error occurred: [Errno 2] No such file or directory: './Prompts/2024/The_Ministry_of_Time/The_Ministry_of_Time_masked_passages.csv'
2025-02-13 17:28:21,697 [INFO] running The_Paradise_Problem
2025-02-13 17:28:21,698 [ERROR] An error occurred: [Errno 2] No such file or directory: './Prompts/2024/The_Paradise_Problem/The_Paradise_Problem_masked_passages.csv'
2025-02-13 17:28:21,698 [ERROR] An error occurred: [Errno 2] No such file or directory: './Prompts/2024/The_Paradise_Problem/The_Paradise_Problem_masked_passages.csv'
2025-02-13 17:28:21,698 [INFO] running You_Like_It_Darker_Stories
2025-02-13 17:28:21,700 [ERROR] An error occurred: [Errno 2] No such file or directory: './Prompts/2024/You_Like_It_Darker_Stories/You_Like_It_Darker_Stories_masked_passages.csv'
2025-02-13 17:28:21,700 [ERROR] An error occurred: [Errno 2] No such file or directory: './Prompts/2024/You_Like_It_Darker_Stories/You_Like_It_Darker_Stories_masked_passages.csv'
