2025-02-13 18:51:58,726 [INFO] ['Below_Zero', 'Bride', 'First_Lie_Wins', 'Funny_Story', 'If_Only_I_Had_Told_Her', 'Just_for_the_Summer', 'Lies_and_Weddings', 'Paper_Towns', 'The_Ministry_of_Time', 'The_Paradise_Problem', 'You_Like_It_Darker_Stories']
2025-02-13 18:51:58,727 [INFO] running Below_Zero
2025-02-13 18:51:58,730 [ERROR] An error occurred: [Errno 2] No such file or directory: './Prompts/2024/Below_Zero/Below_Zero_filtered_non_NE.csv'
2025-02-13 18:51:58,730 [ERROR] An error occurred: [Errno 2] No such file or directory: './Prompts/2024/Below_Zero/Below_Zero_filtered_non_NE.csv'
2025-02-13 18:51:58,730 [INFO] running Bride
2025-02-13 18:51:58,731 [ERROR] An error occurred: [Errno 2] No such file or directory: './Prompts/2024/Bride/Bride_filtered_non_NE.csv'
2025-02-13 18:51:58,732 [ERROR] An error occurred: [Errno 2] No such file or directory: './Prompts/2024/Bride/Bride_filtered_non_NE.csv'
2025-02-13 18:51:58,732 [INFO] running First_Lie_Wins
2025-02-13 18:51:58,734 [ERROR] An error occurred: [Errno 2] No such file or directory: './Prompts/2024/First_Lie_Wins/First_Lie_Wins_filtered_non_NE.csv'
2025-02-13 18:51:58,734 [ERROR] An error occurred: [Errno 2] No such file or directory: './Prompts/2024/First_Lie_Wins/First_Lie_Wins_filtered_non_NE.csv'
2025-02-13 18:51:58,734 [INFO] running Funny_Story
2025-02-13 18:51:58,735 [ERROR] An error occurred: [Errno 2] No such file or directory: './Prompts/2024/Funny_Story/Funny_Story_filtered_non_NE.csv'
2025-02-13 18:51:58,735 [ERROR] An error occurred: [Errno 2] No such file or directory: './Prompts/2024/Funny_Story/Funny_Story_filtered_non_NE.csv'
2025-02-13 18:51:58,735 [INFO] running If_Only_I_Had_Told_Her
2025-02-13 18:51:58,736 [ERROR] An error occurred: [Errno 2] No such file or directory: './Prompts/2024/If_Only_I_Had_Told_Her/If_Only_I_Had_Told_Her_filtered_non_NE.csv'
2025-02-13 18:51:58,736 [ERROR] An error occurred: [Errno 2] No such file or directory: './Prompts/2024/If_Only_I_Had_Told_Her/If_Only_I_Had_Told_Her_filtered_non_NE.csv'
2025-02-13 18:51:58,736 [INFO] running Just_for_the_Summer
2025-02-13 18:51:58,737 [ERROR] An error occurred: [Errno 2] No such file or directory: './Prompts/2024/Just_for_the_Summer/Just_for_the_Summer_filtered_non_NE.csv'
2025-02-13 18:51:58,737 [ERROR] An error occurred: [Errno 2] No such file or directory: './Prompts/2024/Just_for_the_Summer/Just_for_the_Summer_filtered_non_NE.csv'
2025-02-13 18:51:58,737 [INFO] running Lies_and_Weddings
2025-02-13 18:51:58,739 [ERROR] An error occurred: [Errno 2] No such file or directory: './Prompts/2024/Lies_and_Weddings/Lies_and_Weddings_filtered_non_NE.csv'
2025-02-13 18:51:58,739 [ERROR] An error occurred: [Errno 2] No such file or directory: './Prompts/2024/Lies_and_Weddings/Lies_and_Weddings_filtered_non_NE.csv'
2025-02-13 18:51:58,739 [INFO] running Paper_Towns
2025-02-13 18:51:58,740 [ERROR] An error occurred: [Errno 2] No such file or directory: './Prompts/2024/Paper_Towns/Paper_Towns_filtered_non_NE.csv'
2025-02-13 18:51:58,740 [ERROR] An error occurred: [Errno 2] No such file or directory: './Prompts/2024/Paper_Towns/Paper_Towns_filtered_non_NE.csv'
2025-02-13 18:51:58,740 [INFO] running The_Ministry_of_Time
2025-02-13 18:51:58,741 [ERROR] An error occurred: [Errno 2] No such file or directory: './Prompts/2024/The_Ministry_of_Time/The_Ministry_of_Time_filtered_non_NE.csv'
2025-02-13 18:51:58,741 [ERROR] An error occurred: [Errno 2] No such file or directory: './Prompts/2024/The_Ministry_of_Time/The_Ministry_of_Time_filtered_non_NE.csv'
2025-02-13 18:51:58,741 [INFO] running The_Paradise_Problem
2025-02-13 18:51:58,743 [ERROR] An error occurred: [Errno 2] No such file or directory: './Prompts/2024/The_Paradise_Problem/The_Paradise_Problem_filtered_non_NE.csv'
2025-02-13 18:51:58,743 [ERROR] An error occurred: [Errno 2] No such file or directory: './Prompts/2024/The_Paradise_Problem/The_Paradise_Problem_filtered_non_NE.csv'
2025-02-13 18:51:58,744 [INFO] running You_Like_It_Darker_Stories
2025-02-13 18:51:58,745 [ERROR] An error occurred: [Errno 2] No such file or directory: './Prompts/2024/You_Like_It_Darker_Stories/You_Like_It_Darker_Stories_filtered_non_NE.csv'
2025-02-13 18:51:58,745 [ERROR] An error occurred: [Errno 2] No such file or directory: './Prompts/2024/You_Like_It_Darker_Stories/You_Like_It_Darker_Stories_filtered_non_NE.csv'
